<?xml version="1.0" encoding="UTF-8"?>
<testng-results skipped="0" failed="0" ignored="0" total="3" passed="3">
  <reporter-output>
  </reporter-output>
  <suite name="Suite" duration-ms="3170" started-at="2017-05-30T13:06:25Z" finished-at="2017-05-30T13:06:28Z">
    <groups>
    </groups>
    <test name="Test" duration-ms="3170" started-at="2017-05-30T13:06:25Z" finished-at="2017-05-30T13:06:28Z">
      <class name="com.fluentWait.Test.post">
        <test-method status="PASS" signature="configure()[pri:0, instance:com.fluentWait.Test.post@4b9e13df]" name="configure" is-config="true" duration-ms="752" started-at="2017-05-30T18:36:24Z" finished-at="2017-05-30T18:36:25Z">
          <reporter-output>
          </reporter-output>
        </test-method> <!-- configure -->
        <test-method status="PASS" signature="testBodyofResponse()[pri:0, instance:com.fluentWait.Test.post@4b9e13df]" name="testBodyofResponse" duration-ms="1772" started-at="2017-05-30T18:36:25Z" finished-at="2017-05-30T18:36:27Z">
          <reporter-output>
          </reporter-output>
        </test-method> <!-- testBodyofResponse -->
        <test-method status="PASS" signature="testHTTPErrorCode()[pri:0, instance:com.fluentWait.Test.post@4b9e13df]" name="testHTTPErrorCode" duration-ms="123" started-at="2017-05-30T18:36:27Z" finished-at="2017-05-30T18:36:27Z">
          <reporter-output>
          </reporter-output>
        </test-method> <!-- testHTTPErrorCode -->
        <test-method status="PASS" signature="testKeyValue()[pri:0, instance:com.fluentWait.Test.post@4b9e13df]" name="testKeyValue" duration-ms="1234" started-at="2017-05-30T18:36:27Z" finished-at="2017-05-30T18:36:28Z">
          <reporter-output>
          </reporter-output>
        </test-method> <!-- testKeyValue -->
      </class> <!-- com.fluentWait.Test.post -->
    </test> <!-- Test -->
  </suite> <!-- Suite -->
</testng-results>
